<?xml version="1.0" encoding="UTF-8"?>
<testng-results total="1" passed="1" failed="0" skipped="0">
  <reporter-output>
  </reporter-output>
  <suite started-at="2018-08-08T09:48:27Z" name="softwaretestingmaterial" finished-at="2018-08-08T09:48:34Z" duration-ms="7494">
    <groups>
    </groups>
    <test started-at="2018-08-08T09:48:27Z" name="testngTest" finished-at="2018-08-08T09:48:34Z" duration-ms="7494">
      <class name="guru99.gittest.AppTest">
        <test-method is-config="true" signature="beforeClass()[pri:0, instance:guru99.gittest.AppTest@42e99e4a]" started-at="2018-08-08T04:48:27Z" name="beforeClass" finished-at="2018-08-08T04:48:30Z" duration-ms="3440" status="PASS">
          <reporter-output>
          </reporter-output>
        </test-method> <!-- beforeClass -->
        <test-method signature="openMyBlog()[pri:0, instance:guru99.gittest.AppTest@42e99e4a]" started-at="2018-08-08T04:48:30Z" name="openMyBlog" finished-at="2018-08-08T04:48:34Z" duration-ms="3365" status="PASS">
          <reporter-output>
          </reporter-output>
        </test-method> <!-- openMyBlog -->
        <test-method is-config="true" signature="afterClass()[pri:0, instance:guru99.gittest.AppTest@42e99e4a]" started-at="2018-08-08T04:48:34Z" name="afterClass" finished-at="2018-08-08T04:48:34Z" duration-ms="675" status="PASS">
          <reporter-output>
          </reporter-output>
        </test-method> <!-- afterClass -->
      </class> <!-- guru99.gittest.AppTest -->
    </test> <!-- testngTest -->
  </suite> <!-- softwaretestingmaterial -->
</testng-results>
