<?xml version="1.0" encoding="UTF-8"?>
<testng-results total="1" passed="1" failed="0" skipped="0">
  <reporter-output>
  </reporter-output>
  <suite started-at="2018-08-08T23:15:55Z" name="softwaretestingmaterial" finished-at="2018-08-08T23:16:09Z" duration-ms="14278">
    <groups>
    </groups>
    <test started-at="2018-08-08T23:15:55Z" name="testngTest" finished-at="2018-08-08T23:16:09Z" duration-ms="14278">
      <class name="guru99.gittest.AppTest">
        <test-method is-config="true" signature="beforeClass()[pri:0, instance:guru99.gittest.AppTest@229f66ed]" started-at="2018-08-08T18:15:55Z" name="beforeClass" finished-at="2018-08-08T18:16:00Z" duration-ms="5082" status="PASS">
          <reporter-output>
          </reporter-output>
        </test-method> <!-- beforeClass -->
        <test-method signature="openMyBlog()[pri:0, instance:guru99.gittest.AppTest@229f66ed]" started-at="2018-08-08T18:16:00Z" name="openMyBlog" finished-at="2018-08-08T18:16:07Z" duration-ms="7135" status="PASS">
          <reporter-output>
          </reporter-output>
        </test-method> <!-- openMyBlog -->
        <test-method is-config="true" signature="afterClass()[pri:0, instance:guru99.gittest.AppTest@229f66ed]" started-at="2018-08-08T18:16:07Z" name="afterClass" finished-at="2018-08-08T18:16:09Z" duration-ms="2048" status="PASS">
          <reporter-output>
          </reporter-output>
        </test-method> <!-- afterClass -->
      </class> <!-- guru99.gittest.AppTest -->
    </test> <!-- testngTest -->
  </suite> <!-- softwaretestingmaterial -->
</testng-results>
